<?xml version="1.0" encoding="UTF-8"?>
<!-- Generated by org.testng.reporters.JUnitXMLReporter -->
<testsuite ignored="0" hostname="DESKTOP-NM0SKFU" failures="0" tests="2" name="Default test" time="13.714" errors="0" timestamp="2023-01-23T09:12:47 IST">
  <testcase classname="POM_DDF_TestNG_PropertyFile_FailedTCCesSS.SwagTestClass_01" name="OpenHomePage" time="0.132"/>
  <testcase classname="POM_DDF_TestNG_PropertyFile_FailedTCCesSS.SwagTestClass_01" name="AddToCart" time="3.54"/>
</testsuite> <!-- Default test -->
