<?xml version="1.0" encoding="UTF-8"?>
<testng-results ignored="0" total="2" passed="2" failed="0" skipped="0">
  <reporter-output>
  </reporter-output>
  <suite started-at="2023-01-23T09:12:33 IST" name="Default suite" finished-at="2023-01-23T09:12:47 IST" duration-ms="13714">
    <groups>
    </groups>
    <test started-at="2023-01-23T09:12:33 IST" name="Default test" finished-at="2023-01-23T09:12:47 IST" duration-ms="13714">
      <class name="POM_DDF_TestNG_PropertyFile_FailedTCCesSS.SwagTestClass_01">
        <test-method is-config="true" signature="OpenBrowser()[pri:0, instance:POM_DDF_TestNG_PropertyFile_FailedTCCesSS.SwagTestClass_01@58d75e99]" started-at="2023-01-23T09:12:33 IST" name="OpenBrowser" finished-at="2023-01-23T09:12:40 IST" duration-ms="6866" status="PASS">
          <reporter-output>
          </reporter-output>
        </test-method> <!-- OpenBrowser -->
        <test-method is-config="true" signature="OpenToBrowser()[pri:0, instance:POM_DDF_TestNG_PropertyFile_FailedTCCesSS.SwagTestClass_01@58d75e99]" started-at="2023-01-23T09:12:40 IST" name="OpenToBrowser" finished-at="2023-01-23T09:12:41 IST" duration-ms="1060" status="PASS">
          <reporter-output>
          </reporter-output>
        </test-method> <!-- OpenToBrowser -->
        <test-method signature="OpenHomePage()[pri:1, instance:POM_DDF_TestNG_PropertyFile_FailedTCCesSS.SwagTestClass_01@58d75e99]" started-at="2023-01-23T09:12:41 IST" name="OpenHomePage" finished-at="2023-01-23T09:12:41 IST" duration-ms="132" status="PASS">
          <reporter-output>
          </reporter-output>
        </test-method> <!-- OpenHomePage -->
        <test-method is-config="true" signature="OpenMenu(org.testng.ITestResult)[pri:0, instance:POM_DDF_TestNG_PropertyFile_FailedTCCesSS.SwagTestClass_01@58d75e99]" started-at="2023-01-23T09:12:41 IST" name="OpenMenu" finished-at="2023-01-23T09:12:42 IST" duration-ms="632" status="PASS">
          <params>
            <param index="0">
              <value>
                <![CDATA[[TestResult name=OpenHomePage status=SUCCESS method=SwagTestClass_01.OpenHomePage()[pri:1, instance:POM_DDF_TestNG_PropertyFile_FailedTCCesSS.SwagTestClass_01@58d75e99] output={null}]]]>
              </value>
            </param>
          </params>
          <reporter-output>
          </reporter-output>
        </test-method> <!-- OpenMenu -->
        <test-method is-config="true" signature="OpenToBrowser()[pri:0, instance:POM_DDF_TestNG_PropertyFile_FailedTCCesSS.SwagTestClass_01@58d75e99]" started-at="2023-01-23T09:12:42 IST" name="OpenToBrowser" finished-at="2023-01-23T09:12:42 IST" duration-ms="501" status="PASS">
          <reporter-output>
          </reporter-output>
        </test-method> <!-- OpenToBrowser -->
        <test-method signature="AddToCart()[pri:2, instance:POM_DDF_TestNG_PropertyFile_FailedTCCesSS.SwagTestClass_01@58d75e99]" started-at="2023-01-23T09:12:42 IST" name="AddToCart" finished-at="2023-01-23T09:12:46 IST" duration-ms="3540" status="PASS">
          <reporter-output>
          </reporter-output>
        </test-method> <!-- AddToCart -->
        <test-method is-config="true" signature="OpenMenu(org.testng.ITestResult)[pri:0, instance:POM_DDF_TestNG_PropertyFile_FailedTCCesSS.SwagTestClass_01@58d75e99]" started-at="2023-01-23T09:12:46 IST" name="OpenMenu" finished-at="2023-01-23T09:12:46 IST" duration-ms="312" status="PASS">
          <params>
            <param index="0">
              <value>
                <![CDATA[[TestResult name=AddToCart status=SUCCESS method=SwagTestClass_01.AddToCart()[pri:2, instance:POM_DDF_TestNG_PropertyFile_FailedTCCesSS.SwagTestClass_01@58d75e99] output={null}]]]>
              </value>
            </param>
          </params>
          <reporter-output>
          </reporter-output>
        </test-method> <!-- OpenMenu -->
        <test-method is-config="true" signature="LogOut()[pri:0, instance:POM_DDF_TestNG_PropertyFile_FailedTCCesSS.SwagTestClass_01@58d75e99]" started-at="2023-01-23T09:12:46 IST" name="LogOut" finished-at="2023-01-23T09:12:47 IST" duration-ms="552" status="PASS">
          <reporter-output>
          </reporter-output>
        </test-method> <!-- LogOut -->
      </class> <!-- POM_DDF_TestNG_PropertyFile_FailedTCCesSS.SwagTestClass_01 -->
    </test> <!-- Default test -->
  </suite> <!-- Default suite -->
</testng-results>
